0 info it worked if it ends with ok
1 verbose cli [ '/usr/bin/nodejs', '/usr/bin/npm', 'run', 'watch-css' ]
2 info using npm@3.10.10
3 info using node@v6.9.4
4 verbose run-script [ 'prewatch-css', 'watch-css', 'postwatch-css' ]
5 info lifecycle drupal_module@1.0.0~prewatch-css: drupal_module@1.0.0
6 silly lifecycle drupal_module@1.0.0~prewatch-css: no script for prewatch-css, continuing
7 info lifecycle drupal_module@1.0.0~watch-css: drupal_module@1.0.0
8 verbose lifecycle drupal_module@1.0.0~watch-css: unsafe-perm in lifecycle true
9 verbose lifecycle drupal_module@1.0.0~watch-css: PATH: /usr/lib/node_modules/npm/bin/node-gyp-bin:/home/demo/opeka/drupal_module/node_modules/.bin:/usr/local/rvm/gems/ruby-2.3.0/bin:/usr/local/rvm/gems/ruby-2.3.0@global/bin:/usr/local/rvm/rubies/ruby-2.3.0/bin:/usr/local/sbin:/usr/local/bin:/usr/sbin:/usr/bin:/sbin:/bin:/usr/games:/usr/local/games:/usr/local/rvm/bin
10 verbose lifecycle drupal_module@1.0.0~watch-css: CWD: /home/demo/opeka/drupal_module
11 silly lifecycle drupal_module@1.0.0~watch-css: Args: [ '-c', './bin/watch-css' ]
12 silly lifecycle drupal_module@1.0.0~watch-css: Returned: code: 126  signal: null
13 info lifecycle drupal_module@1.0.0~watch-css: Failed to exec watch-css script
14 verbose stack Error: drupal_module@1.0.0 watch-css: `./bin/watch-css`
14 verbose stack Exit status 126
14 verbose stack     at EventEmitter.<anonymous> (/usr/lib/node_modules/npm/lib/utils/lifecycle.js:255:16)
14 verbose stack     at emitTwo (events.js:106:13)
14 verbose stack     at EventEmitter.emit (events.js:191:7)
14 verbose stack     at ChildProcess.<anonymous> (/usr/lib/node_modules/npm/lib/utils/spawn.js:40:14)
14 verbose stack     at emitTwo (events.js:106:13)
14 verbose stack     at ChildProcess.emit (events.js:191:7)
14 verbose stack     at maybeClose (internal/child_process.js:877:16)
14 verbose stack     at Process.ChildProcess._handle.onexit (internal/child_process.js:226:5)
15 verbose pkgid drupal_module@1.0.0
16 verbose cwd /home/demo/opeka/drupal_module/bin
17 error Linux 3.19.0-79-generic
18 error argv "/usr/bin/nodejs" "/usr/bin/npm" "run" "watch-css"
19 error node v6.9.4
20 error npm  v3.10.10
21 error code ELIFECYCLE
22 error drupal_module@1.0.0 watch-css: `./bin/watch-css`
22 error Exit status 126
23 error Failed at the drupal_module@1.0.0 watch-css script './bin/watch-css'.
23 error Make sure you have the latest version of node.js and npm installed.
23 error If you do, this is most likely a problem with the drupal_module package,
23 error not with npm itself.
23 error Tell the author that this fails on your system:
23 error     ./bin/watch-css
23 error You can get information on how to open an issue for this project with:
23 error     npm bugs drupal_module
23 error Or if that isn't available, you can get their info via:
23 error     npm owner ls drupal_module
23 error There is likely additional logging output above.
24 verbose exit [ 1, true ]
